<?xml version="1.0" encoding="UTF-8"?>
<testsuite name="BatchProcess_DataCreate.End_To_End" tests="15" failures="0" errors="0" time="380.18"><properties>
[...]
</properties><testcase name="SetPem" time="0.183"/><testcase name="AccountCreate" time="1.806"/><testcase name="SetPem" time="0.015"/><testcase name="UserCreate" time="358.637"/><testcase name="SetPem" time="0.002"/><testcase name="SetPem" time="0.002"/><testcase name="STS" time="2.332"/><testcase name="SetPem" time="0.002"/><testcase name="SetPem" time="0.013"/><testcase name="SetPem" time="0.023"/><testcase name="PoliciesForUser" time="4.104"/><testcase name="SetPem" time="0.013"/><testcase name="RightsTokenCreateRequest" time="1.539"/><testcase name="SetPem" time="0.01"/><testcase name="StreamCreate" time="11.499"/></testsuite>